2023-10-26T11:49:24.961-05:00  INFO 336 --- [restartedMain] com.weather.app.AppApplication           : Starting AppApplication using Java 17.0.8 with PID 336 (C:\Users\justi\Documents\Coding\WeatherApp\app\target\classes started by justi in C:\Users\justi\Documents\Coding\WeatherApp)
2023-10-26T11:49:24.962-05:00  INFO 336 --- [restartedMain] com.weather.app.AppApplication           : The following 1 profile is active: "dev"
2023-10-26T11:49:25.238-05:00  INFO 336 --- [restartedMain] o.s.b.w.embedded.tomcat.TomcatWebServer  : Tomcat initialized with port(s): 8080 (http)
2023-10-26T11:49:25.240-05:00  INFO 336 --- [restartedMain] o.apache.catalina.core.StandardService   : Starting service [Tomcat]
2023-10-26T11:49:25.244-05:00  INFO 336 --- [restartedMain] o.apache.catalina.core.StandardEngine    : Starting Servlet engine: [Apache Tomcat/10.1.15]
2023-10-26T11:49:25.264-05:00  INFO 336 --- [restartedMain] o.a.c.c.C.[Tomcat].[localhost].[/]       : Initializing Spring embedded WebApplicationContext
2023-10-26T11:49:25.265-05:00  INFO 336 --- [restartedMain] w.s.c.ServletWebServerApplicationContext : Root WebApplicationContext: initialization completed in 297 ms
2023-10-26T11:49:25.528-05:00  INFO 336 --- [restartedMain] o.s.s.web.DefaultSecurityFilterChain     : Will secure any request with [org.springframework.security.web.session.DisableEncodeUrlFilter@3746e5bd, org.springframework.security.web.context.request.async.WebAsyncManagerIntegrationFilter@48a4c1ba, org.springframework.security.web.context.SecurityContextHolderFilter@4577da37, org.springframework.security.web.header.HeaderWriterFilter@47a1d45b, org.springframework.security.web.csrf.CsrfFilter@21900a07, org.springframework.security.web.authentication.logout.LogoutFilter@5ff6a7a0, org.springframework.security.web.authentication.UsernamePasswordAuthenticationFilter@4bf29ab3, org.springframework.security.web.authentication.ui.DefaultLoginPageGeneratingFilter@71ed2f72, org.springframework.security.web.authentication.ui.DefaultLogoutPageGeneratingFilter@175ced1f, org.springframework.security.web.authentication.www.BasicAuthenticationFilter@2153ffca, org.springframework.security.web.savedrequest.RequestCacheAwareFilter@641620ac, org.springframework.security.web.servletapi.SecurityContextHolderAwareRequestFilter@38273721, org.springframework.security.web.authentication.AnonymousAuthenticationFilter@294ffd91, org.springframework.security.web.access.ExceptionTranslationFilter@2d1e2e69, org.springframework.security.web.access.intercept.AuthorizationFilter@46673f50]
2023-10-26T11:49:25.561-05:00  INFO 336 --- [restartedMain] o.s.b.d.a.OptionalLiveReloadServer       : LiveReload server is running on port 35729
2023-10-26T11:49:25.574-05:00  INFO 336 --- [restartedMain] o.s.b.w.embedded.tomcat.TomcatWebServer  : Tomcat started on port(s): 8080 (http) with context path ''
2023-10-26T11:49:25.577-05:00  INFO 336 --- [restartedMain] com.weather.app.AppApplication           : Started AppApplication in 0.651 seconds (process running for 33.13)
2023-10-26T11:49:25.581-05:00  INFO 336 --- [restartedMain] .ConditionEvaluationDeltaLoggingListener : Condition evaluation unchanged
2023-10-26T11:35:53.996-06:00  INFO 267897 --- [restartedMain] com.weather.app.AppApplication           : Starting AppApplication using Java 17.0.8.1 with PID 267897 (/home/dev/Code/Spring_Boot_WeatherAgg/WeatherApp/app/target/classes started by dev in /home/dev/Code/Spring_Boot_WeatherAgg/WeatherApp)
2023-10-26T11:35:54.011-06:00  INFO 267897 --- [restartedMain] com.weather.app.AppApplication           : The following 1 profile is active: "dev"
2023-10-26T11:35:54.293-06:00  INFO 267897 --- [restartedMain] .e.DevToolsPropertyDefaultsPostProcessor : Devtools property defaults active! Set 'spring.devtools.add-properties' to 'false' to disable
2023-10-26T11:35:54.294-06:00  INFO 267897 --- [restartedMain] .e.DevToolsPropertyDefaultsPostProcessor : For additional web related logging consider setting the 'logging.level.web' property to 'DEBUG'
2023-10-26T11:35:58.739-06:00  INFO 267897 --- [restartedMain] o.s.b.w.embedded.tomcat.TomcatWebServer  : Tomcat initialized with port(s): 8080 (http)
2023-10-26T11:35:58.785-06:00  INFO 267897 --- [restartedMain] o.apache.catalina.core.StandardService   : Starting service [Tomcat]
2023-10-26T11:35:58.787-06:00  INFO 267897 --- [restartedMain] o.apache.catalina.core.StandardEngine    : Starting Servlet engine: [Apache Tomcat/10.1.15]
2023-10-26T11:35:59.055-06:00  INFO 267897 --- [restartedMain] o.a.c.c.C.[Tomcat].[localhost].[/]       : Initializing Spring embedded WebApplicationContext
2023-10-26T11:35:59.057-06:00  INFO 267897 --- [restartedMain] w.s.c.ServletWebServerApplicationContext : Root WebApplicationContext: initialization completed in 4760 ms
2023-10-26T11:36:02.487-06:00  INFO 267897 --- [restartedMain] o.s.s.web.DefaultSecurityFilterChain     : Will secure any request with [org.springframework.security.web.session.DisableEncodeUrlFilter@1b423edb, org.springframework.security.web.context.request.async.WebAsyncManagerIntegrationFilter@52c727cd, org.springframework.security.web.context.SecurityContextHolderFilter@68525177, org.springframework.security.web.header.HeaderWriterFilter@779b0fa8, org.springframework.security.web.csrf.CsrfFilter@5e62c535, org.springframework.security.web.authentication.logout.LogoutFilter@307fb526, org.springframework.security.web.authentication.UsernamePasswordAuthenticationFilter@72b517af, org.springframework.security.web.authentication.ui.DefaultLoginPageGeneratingFilter@349966b0, org.springframework.security.web.authentication.ui.DefaultLogoutPageGeneratingFilter@5a6a8cff, org.springframework.security.web.authentication.www.BasicAuthenticationFilter@257d8638, org.springframework.security.web.savedrequest.RequestCacheAwareFilter@759aaa5b, org.springframework.security.web.servletapi.SecurityContextHolderAwareRequestFilter@4ab37263, org.springframework.security.web.authentication.AnonymousAuthenticationFilter@3507ac7b, org.springframework.security.web.access.ExceptionTranslationFilter@7b64af13, org.springframework.security.web.access.intercept.AuthorizationFilter@a69520d]
2023-10-26T11:36:02.686-06:00  INFO 267897 --- [restartedMain] o.s.b.d.a.OptionalLiveReloadServer       : LiveReload server is running on port 35729
2023-10-26T11:36:02.819-06:00  INFO 267897 --- [restartedMain] o.s.b.w.embedded.tomcat.TomcatWebServer  : Tomcat started on port(s): 8080 (http) with context path ''
2023-10-26T11:36:02.852-06:00  INFO 267897 --- [restartedMain] com.weather.app.AppApplication           : Started AppApplication in 10.466 seconds (process running for 12.381)